  dynamic.cpp
C:\Users\monta\OneDrive\Destiny 2 Datamining\CPP\DestinyDataminingCPP\DestinyDynamicExtractor\dynamic.cpp(41,14): warning C4018: '<': signed/unsigned mismatch
C:\Users\monta\OneDrive\Destiny 2 Datamining\CPP\DestinyDataminingCPP\DestinyDynamicExtractor\dynamic.cpp(98,21): warning C4018: '>=': signed/unsigned mismatch
C:\Users\monta\OneDrive\Destiny 2 Datamining\CPP\DestinyDataminingCPP\DestinyDynamicExtractor\dynamic.cpp(150,28): warning C4018: '<': signed/unsigned mismatch
C:\Users\monta\OneDrive\Destiny 2 Datamining\CPP\DestinyDataminingCPP\DestinyDynamicExtractor\dynamic.cpp(29,11): warning C4101: 'off2': unreferenced local variable
C:\Users\monta\OneDrive\Destiny 2 Datamining\CPP\DestinyDataminingCPP\DestinyDynamicExtractor\dynamic.cpp(178,26): warning C4018: '<': signed/unsigned mismatch
C:\Users\monta\OneDrive\Destiny 2 Datamining\CPP\DestinyDataminingCPP\DestinyDynamicExtractor\dynamic.cpp(211,39): warning C4018: '<': signed/unsigned mismatch
C:\Users\monta\OneDrive\Destiny 2 Datamining\CPP\DestinyDataminingCPP\DestinyDynamicExtractor\dynamic.cpp(169,6): warning C4101: 'fileSize': unreferenced local variable
C:\Users\monta\OneDrive\Destiny 2 Datamining\CPP\DestinyDataminingCPP\DestinyDynamicExtractor\dynamic.cpp(325,33): warning C4244: 'argument': conversion from 'double' to 'const unsigned __int64', possible loss of data
C:\Users\monta\OneDrive\Destiny 2 Datamining\CPP\DestinyDataminingCPP\DestinyDynamicExtractor\dynamic.cpp(326,24): warning C4244: 'initializing': conversion from 'double' to 'size_t', possible loss of data
C:\Users\monta\OneDrive\Destiny 2 Datamining\CPP\DestinyDataminingCPP\DestinyDynamicExtractor\dynamic.cpp(383,17): warning C4305: '=': truncation from 'double' to '_Ty'
          with
          [
              _Ty=float
          ]
C:\Users\monta\OneDrive\Destiny 2 Datamining\CPP\DestinyDataminingCPP\DestinyDynamicExtractor\dynamic.cpp(386,17): warning C4305: '=': truncation from 'double' to '_Ty'
          with
          [
              _Ty=float
          ]
C:\Users\monta\OneDrive\Destiny 2 Datamining\CPP\DestinyDataminingCPP\DestinyDynamicExtractor\dynamic.cpp(389,17): warning C4305: '=': truncation from 'double' to '_Ty'
          with
          [
              _Ty=float
          ]
C:\Users\monta\OneDrive\Destiny 2 Datamining\CPP\DestinyDataminingCPP\DestinyDynamicExtractor\dynamic.cpp(392,17): warning C4305: '=': truncation from 'double' to '_Ty'
          with
          [
              _Ty=float
          ]
C:\Users\monta\OneDrive\Destiny 2 Datamining\CPP\DestinyDataminingCPP\DestinyDynamicExtractor\dynamic.cpp(395,17): warning C4305: '=': truncation from 'double' to '_Ty'
          with
          [
              _Ty=float
          ]
C:\Users\monta\OneDrive\Destiny 2 Datamining\CPP\DestinyDataminingCPP\DestinyDynamicExtractor\dynamic.cpp(398,17): warning C4305: '=': truncation from 'double' to '_Ty'
          with
          [
              _Ty=float
          ]
C:\Users\monta\OneDrive\Destiny 2 Datamining\CPP\DestinyDataminingCPP\DestinyDynamicExtractor\dynamic.cpp(414,18): warning C4305: '=': truncation from 'double' to '_Ty'
          with
          [
              _Ty=float
          ]
C:\Users\monta\OneDrive\Destiny 2 Datamining\CPP\DestinyDataminingCPP\DestinyDynamicExtractor\dynamic.cpp(417,18): warning C4305: '=': truncation from 'double' to '_Ty'
          with
          [
              _Ty=float
          ]
C:\Users\monta\OneDrive\Destiny 2 Datamining\CPP\DestinyDataminingCPP\DestinyDynamicExtractor\dynamic.cpp(420,18): warning C4305: '=': truncation from 'double' to '_Ty'
          with
          [
              _Ty=float
          ]
C:\Users\monta\OneDrive\Destiny 2 Datamining\CPP\DestinyDataminingCPP\DestinyDynamicExtractor\dynamic.cpp(423,18): warning C4305: '=': truncation from 'double' to '_Ty'
          with
          [
              _Ty=float
          ]
C:\Users\monta\OneDrive\Destiny 2 Datamining\CPP\DestinyDataminingCPP\DestinyDynamicExtractor\dynamic.cpp(426,18): warning C4305: '=': truncation from 'double' to '_Ty'
          with
          [
              _Ty=float
          ]
C:\Users\monta\OneDrive\Destiny 2 Datamining\CPP\DestinyDataminingCPP\DestinyDynamicExtractor\dynamic.cpp(429,18): warning C4305: '=': truncation from 'double' to '_Ty'
          with
          [
              _Ty=float
          ]
C:\Users\monta\OneDrive\Destiny 2 Datamining\CPP\DestinyDataminingCPP\DestinyDynamicExtractor\dynamic.cpp(647,41): warning C4267: 'initializing': conversion from 'size_t' to 'uint32_t', possible loss of data
C:\Users\monta\OneDrive\Destiny 2 Datamining\CPP\DestinyDataminingCPP\DestinyDynamicExtractor\dynamic.cpp(660,30): warning C4267: '=': conversion from 'size_t' to 'uint32_t', possible loss of data
C:\Program Files (x86)\Microsoft Visual Studio\2019\Community\VC\Tools\MSVC\14.29.30133\include\utility(193,16): warning C4244: 'initializing': conversion from '_Ty' to '_Ty1', possible loss of data
          with
          [
              _Ty=__int64
          ]
          and
          [
              _Ty1=const uint32_t
          ]
C:\Users\monta\OneDrive\Destiny 2 Datamining\CPP\DestinyDataminingCPP\DestinyDynamicExtractor\skeleton.h(195): message : see reference to function template instantiation 'std::pair<const uint32_t,std::string>::pair<__int64,const char(&)[9],0>(_Other1 &&,_Other2) noexcept(false)' being compiled
          with
          [
              _Other1=__int64,
              _Other2=const char (&)[9]
          ]
C:\Users\monta\OneDrive\Destiny 2 Datamining\CPP\DestinyDataminingCPP\DestinyDynamicExtractor\skeleton.h(54): message : see reference to function template instantiation 'std::pair<const uint32_t,std::string>::pair<__int64,const char(&)[9],0>(_Other1 &&,_Other2) noexcept(false)' being compiled
          with
          [
              _Other1=__int64,
              _Other2=const char (&)[9]
          ]
  index.cpp
C:\Users\monta\OneDrive\Destiny 2 Datamining\CPP\DestinyDataminingCPP\DestinyDynamicExtractor\index.cpp(16,29): warning C4244: 'argument': conversion from 'double' to 'const unsigned __int64', possible loss of data
C:\Users\monta\OneDrive\Destiny 2 Datamining\CPP\DestinyDataminingCPP\DestinyDynamicExtractor\index.cpp(32,53): warning C4267: '=': conversion from 'size_t' to 'int', possible loss of data
C:\Users\monta\OneDrive\Destiny 2 Datamining\CPP\DestinyDataminingCPP\DestinyDynamicExtractor\index.cpp(35,58): warning C4267: '=': conversion from 'size_t' to 'int', possible loss of data
C:\Users\monta\OneDrive\Destiny 2 Datamining\CPP\DestinyDataminingCPP\DestinyDynamicExtractor\index.cpp(43,53): warning C4267: '=': conversion from 'size_t' to 'int', possible loss of data
C:\Users\monta\OneDrive\Destiny 2 Datamining\CPP\DestinyDataminingCPP\DestinyDynamicExtractor\index.cpp(61,54): warning C4267: '=': conversion from 'size_t' to 'int', possible loss of data
C:\Users\monta\OneDrive\Destiny 2 Datamining\CPP\DestinyDataminingCPP\DestinyDynamicExtractor\index.cpp(72,52): warning C4267: '=': conversion from 'size_t' to 'int', possible loss of data
  main.cpp
C:\Users\monta\OneDrive\Destiny 2 Datamining\CPP\DestinyDataminingCPP\DestinyDynamicExtractor\Sarge\src\sarge.cpp(188,34): warning C4267: '=': conversion from 'size_t' to 'int', possible loss of data
C:\Program Files (x86)\Microsoft Visual Studio\2019\Community\VC\Tools\MSVC\14.29.30133\include\utility(193,16): warning C4244: 'initializing': conversion from '_Ty' to '_Ty1', possible loss of data
          with
          [
              _Ty=__int64
          ]
          and
          [
              _Ty1=const uint32_t
          ]
C:\Users\monta\OneDrive\Destiny 2 Datamining\CPP\DestinyDataminingCPP\DestinyDynamicExtractor\skeleton.h(195): message : see reference to function template instantiation 'std::pair<const uint32_t,std::string>::pair<__int64,const char(&)[9],0>(_Other1 &&,_Other2) noexcept(false)' being compiled
          with
          [
              _Other1=__int64,
              _Other2=const char (&)[9]
          ]
C:\Users\monta\OneDrive\Destiny 2 Datamining\CPP\DestinyDataminingCPP\DestinyDynamicExtractor\skeleton.h(54): message : see reference to function template instantiation 'std::pair<const uint32_t,std::string>::pair<__int64,const char(&)[9],0>(_Other1 &&,_Other2) noexcept(false)' being compiled
          with
          [
              _Other1=__int64,
              _Other2=const char (&)[9]
          ]
  phonon.cpp
C:\Program Files (x86)\Microsoft Visual Studio\2019\Community\VC\Tools\MSVC\14.29.30133\include\utility(193,16): warning C4244: 'initializing': conversion from '_Ty' to '_Ty1', possible loss of data
          with
          [
              _Ty=__int64
          ]
          and
          [
              _Ty1=const uint32_t
          ]
C:\Users\monta\OneDrive\Destiny 2 Datamining\CPP\DestinyDataminingCPP\DestinyDynamicExtractor\skeleton.h(195): message : see reference to function template instantiation 'std::pair<const uint32_t,std::string>::pair<__int64,const char(&)[9],0>(_Other1 &&,_Other2) noexcept(false)' being compiled
          with
          [
              _Other1=__int64,
              _Other2=const char (&)[9]
          ]
C:\Users\monta\OneDrive\Destiny 2 Datamining\CPP\DestinyDataminingCPP\DestinyDynamicExtractor\skeleton.h(54): message : see reference to function template instantiation 'std::pair<const uint32_t,std::string>::pair<__int64,const char(&)[9],0>(_Other1 &&,_Other2) noexcept(false)' being compiled
          with
          [
              _Other1=__int64,
              _Other2=const char (&)[9]
          ]
  Generating Code...
LINK : warning LNK4075: ignoring '/INCREMENTAL' due to '/PROFILE' specification
package.obj : warning LNK4075: ignoring '/EDITANDCONTINUE' due to '/OPT:REF' specification
     Creating library C:\Users\monta\OneDrive\Destiny 2 Datamining\CPP\DestinyDataminingCPP\x64\Debug\DestinyDynamicExtractor.lib and object C:\Users\monta\OneDrive\Destiny 2 Datamining\CPP\DestinyDataminingCPP\x64\Debug\DestinyDynamicExtractor.exp
LINK : warning LNK4098: defaultlib 'MSVCRT' conflicts with use of other libs; use /NODEFAULTLIB:library
  DestinyDynamicExtractor.vcxproj -> C:\Users\monta\OneDrive\Destiny 2 Datamining\CPP\DestinyDataminingCPP\x64\Debug\DestinyDynamicExtractor.exe
