c:\users\monta\onedrive\destiny 2 datamining\cpp\destinydataminingcpp\destinydynamicextractor\x64\debug\vc142.pdb
c:\users\monta\onedrive\destiny 2 datamining\cpp\destinydataminingcpp\destinydynamicextractor\x64\debug\vc142.idb
c:\users\monta\onedrive\destiny 2 datamining\cpp\destinydataminingcpp\destinydynamicextractor\x64\debug\main.obj
c:\users\monta\onedrive\destiny 2 datamining\cpp\destinydataminingcpp\destinydynamicextractor\x64\debug\helpers.obj
c:\users\monta\onedrive\destiny 2 datamining\cpp\destinydataminingcpp\destinydynamicextractor\x64\debug\dynamic.obj
c:\users\monta\onedrive\destiny 2 datamining\cpp\destinydataminingcpp\destinydynamicextractor\x64\debug\vertex.obj
c:\users\monta\onedrive\destiny 2 datamining\cpp\destinydataminingcpp\destinydynamicextractor\x64\debug\index.obj
c:\users\monta\onedrive\destiny 2 datamining\cpp\destinydataminingcpp\destinydynamicextractor\x64\debug\fbxmodel.obj
c:\users\monta\onedrive\destiny 2 datamining\cpp\destinydataminingcpp\x64\debug\destinydynamicextractor.exe
c:\users\monta\onedrive\destiny 2 datamining\cpp\destinydataminingcpp\x64\debug\destinydynamicextractor.ilk
c:\users\monta\onedrive\destiny 2 datamining\cpp\destinydataminingcpp\x64\debug\destinydynamicextractor.pdb
c:\users\monta\onedrive\destiny 2 datamining\cpp\destinydataminingcpp\destinydynamicextractor\x64\debug\dynamic.obj.enc
c:\users\monta\onedrive\destiny 2 datamining\cpp\destinydataminingcpp\destinydynamicextractor\x64\debug\index.obj.enc
c:\users\monta\onedrive\destiny 2 datamining\cpp\destinydataminingcpp\destinydynamicextractor\x64\debug\main.obj.enc
c:\users\monta\onedrive\destiny 2 datamining\cpp\destinydataminingcpp\destinydynamicextractor\x64\debug\destinyd.6c3dbec6.tlog\cl.command.1.tlog
c:\users\monta\onedrive\destiny 2 datamining\cpp\destinydataminingcpp\destinydynamicextractor\x64\debug\destinyd.6c3dbec6.tlog\cl.read.1.tlog
c:\users\monta\onedrive\destiny 2 datamining\cpp\destinydataminingcpp\destinydynamicextractor\x64\debug\destinyd.6c3dbec6.tlog\cl.write.1.tlog
c:\users\monta\onedrive\destiny 2 datamining\cpp\destinydataminingcpp\destinydynamicextractor\x64\debug\destinyd.6c3dbec6.tlog\link.command.1.tlog
c:\users\monta\onedrive\destiny 2 datamining\cpp\destinydataminingcpp\destinydynamicextractor\x64\debug\destinyd.6c3dbec6.tlog\link.read.1.tlog
c:\users\monta\onedrive\destiny 2 datamining\cpp\destinydataminingcpp\destinydynamicextractor\x64\debug\destinyd.6c3dbec6.tlog\link.write.1.tlog
